Defining wild-type sequence and simulation parameters...
Initiating algorithm...

Traceback (most recent call last):
  File "production.py", line 65, in <module>
    main(args)
  File "production.py", line 42, in main
    device = device
  File "/home/alessandroz/alessandroz/LocalEntropy/RestrainedMetropolis/run/my_new_classes.py", line 145, in __init__
    distance_threshold = distance_threshold
  File "/home/alessandroz/alessandroz/LocalEntropy/RestrainedMetropolis/run/my_new_classes.py", line 33, in __init__
    self.model = esm.pretrained.esmfold_v1()
  File "/home/alessandroz/alessandroz/myenv/lib64/python3.6/site-packages/esm/pretrained.py", line 419, in esmfold_v1
    import esm.esmfold.v1.pretrained
  File "/home/alessandroz/alessandroz/myenv/lib64/python3.6/site-packages/esm/esmfold/v1/pretrained.py", line 5, in <module>
    from esm.esmfold.v1.esmfold import ESMFold
  File "/home/alessandroz/alessandroz/myenv/lib64/python3.6/site-packages/esm/esmfold/v1/esmfold.py", line 11, in <module>
    from openfold.data.data_transforms import make_atom14_masks
  File "/home/alessandroz/alessandroz/myenv/lib64/python3.6/site-packages/openfold/__init__.py", line 1, in <module>
    from . import model
  File "/home/alessandroz/alessandroz/myenv/lib64/python3.6/site-packages/openfold/model/__init__.py", line 11, in <module>
    _modules = [(m, importlib.import_module("." + m, __name__)) for m in __all__]
  File "/home/alessandroz/alessandroz/myenv/lib64/python3.6/site-packages/openfold/model/__init__.py", line 11, in <listcomp>
    _modules = [(m, importlib.import_module("." + m, __name__)) for m in __all__]
  File "/usr/lib64/python3.6/importlib/__init__.py", line 126, in import_module
    return _bootstrap._gcd_import(name[level:], package, level)
  File "/home/alessandroz/alessandroz/myenv/lib64/python3.6/site-packages/openfold/model/embedders.py", line 20, in <module>
    from openfold.model.primitives import Linear, LayerNorm
  File "/home/alessandroz/alessandroz/myenv/lib64/python3.6/site-packages/openfold/model/primitives.py", line 35, in <module>
    from openfold.utils.checkpointing import get_checkpoint_fn
  File "/home/alessandroz/alessandroz/myenv/lib64/python3.6/site-packages/openfold/utils/__init__.py", line 13, in <module>
    _modules = [(m, importlib.import_module("." + m, __name__)) for m in __all__]
  File "/home/alessandroz/alessandroz/myenv/lib64/python3.6/site-packages/openfold/utils/__init__.py", line 13, in <listcomp>
    _modules = [(m, importlib.import_module("." + m, __name__)) for m in __all__]
  File "/usr/lib64/python3.6/importlib/__init__.py", line 126, in import_module
    return _bootstrap._gcd_import(name[level:], package, level)
  File "/home/alessandroz/alessandroz/myenv/lib64/python3.6/site-packages/openfold/utils/feats.py", line 23, in <module>
    from openfold.np import protein
  File "/home/alessandroz/alessandroz/myenv/lib64/python3.6/site-packages/openfold/np/__init__.py", line 11, in <module>
    _modules = [(m, importlib.import_module("." + m, __name__)) for m in __all__]
  File "/home/alessandroz/alessandroz/myenv/lib64/python3.6/site-packages/openfold/np/__init__.py", line 11, in <listcomp>
    _modules = [(m, importlib.import_module("." + m, __name__)) for m in __all__]
  File "/usr/lib64/python3.6/importlib/__init__.py", line 126, in import_module
    return _bootstrap._gcd_import(name[level:], package, level)
  File "/home/alessandroz/alessandroz/myenv/lib64/python3.6/site-packages/openfold/np/protein.py", line 23, in <module>
    from openfold.np import residue_constants
  File "/home/alessandroz/alessandroz/myenv/lib64/python3.6/site-packages/openfold/np/residue_constants.py", line 21, in <module>
    from importlib import resources
ImportError: cannot import name 'resources'
